11:22:44.128 [main] INFO  it.gzelante.App - taskkill /F /PID "172" "Registry"
11:22:45.134 [main] INFO  it.gzelante.App - taskkill /F /PID "1608" "fontdrvhost.exe"
11:22:45.139 [main] INFO  it.gzelante.App - taskkill /F /PID "1612" "fontdrvhost.exe"
11:22:45.144 [main] INFO  it.gzelante.App - taskkill /F /PID "1676" "WUDFHost.exe"
11:22:45.597 [main] INFO  it.gzelante.App - taskkill /F /PID "1924" "WUDFHost.exe"
11:22:46.475 [main] INFO  it.gzelante.App - taskkill /F /PID "2444" "bdservicehost.exe"
11:22:46.931 [main] INFO  it.gzelante.App - taskkill /F /PID "2456" "bdservicehost.exe"
11:22:46.936 [main] INFO  it.gzelante.App - taskkill /F /PID "2576" "dwm.exe"
11:22:47.433 [main] INFO  it.gzelante.App - taskkill /F /PID "2948" "WUDFHost.exe"
11:22:48.354 [main] INFO  it.gzelante.App - taskkill /F /PID "3424" "dasHost.exe"
11:22:48.359 [main] INFO  it.gzelante.App - taskkill /F /PID "3676" "vmms.exe"
11:22:48.813 [main] INFO  it.gzelante.App - taskkill /F /PID "3948" "NVDisplay.Container.exe"
11:22:48.817 [main] INFO  it.gzelante.App - taskkill /F /PID "4084" "bdservicehost.exe"
11:22:49.256 [main] INFO  it.gzelante.App - taskkill /F /PID "3648" "bdservicehost.exe"
11:22:49.664 [main] INFO  it.gzelante.App - taskkill /F /PID "4540" "igfxCUIService.exe"
11:22:49.669 [main] INFO  it.gzelante.App - taskkill /F /PID "4632" "Memory Compression"
11:22:50.112 [main] INFO  it.gzelante.App - taskkill /F /PID "5772" "dasHost.exe"
11:22:50.579 [main] INFO  it.gzelante.App - taskkill /F /PID "6656" "bdntwrk.exe"
11:22:50.583 [main] INFO  it.gzelante.App - taskkill /F /PID "6696" "Pen_TouchService.exe"
11:22:51.026 [main] INFO  it.gzelante.App - taskkill /F /PID "7144" "PulseSecureService.exe"
11:22:51.476 [main] INFO  it.gzelante.App - taskkill /F /PID "7532" "spoolsv.exe"
11:22:51.480 [main] INFO  it.gzelante.App - taskkill /F /PID "8020" "bdservicehost.exe"
11:22:51.920 [main] INFO  it.gzelante.App - taskkill /F /PID "8052" "Everything.exe"
11:22:52.334 [main] INFO  it.gzelante.App - taskkill /F /PID "8076" "AdjustService.exe"
11:22:52.338 [main] INFO  it.gzelante.App - taskkill /F /PID "8084" "ijplmsvc.exe"
11:22:52.342 [main] INFO  it.gzelante.App - taskkill /F /PID "8092" "AnyDesk.exe"
11:22:52.838 [main] INFO  it.gzelante.App - taskkill /F /PID "8116" "remoting_host.exe"
11:22:52.843 [main] INFO  it.gzelante.App - taskkill /F /PID "8124" "GigabyteUpdateService.exe"
11:22:52.848 [main] INFO  it.gzelante.App - taskkill /F /PID "8140" "Pen_Tablet.exe"
11:22:52.853 [main] INFO  it.gzelante.App - taskkill /F /PID "8168" "ExpressVPN.VpnService.exe"
11:22:53.366 [main] INFO  it.gzelante.App - taskkill /F /PID "8188" "updatesrv.exe"
11:22:53.371 [main] INFO  it.gzelante.App - taskkill /F /PID "6200" "pservice.exe"
11:22:53.376 [main] INFO  it.gzelante.App - taskkill /F /PID "7276" "tvnserver.exe"
11:22:53.380 [main] INFO  it.gzelante.App - taskkill /F /PID "7468" "nvcontainer.exe"
11:22:53.852 [main] INFO  it.gzelante.App - taskkill /F /PID "8208" "EasyTuneEngineService.exe"
11:22:53.856 [main] INFO  it.gzelante.App - taskkill /F /PID "8240" "ProductAgentService.exe"
11:22:53.861 [main] INFO  it.gzelante.App - taskkill /F /PID "8272" "lghub_updater.exe"
11:22:53.865 [main] INFO  it.gzelante.App - taskkill /F /PID "8320" "spacedeskService.exe"
11:22:53.870 [main] INFO  it.gzelante.App - taskkill /F /PID "8356" "HerdHelper.exe"
11:22:54.320 [main] INFO  it.gzelante.App - taskkill /F /PID "10004" "SearchIndexer.exe"
11:22:54.718 [main] INFO  it.gzelante.App - taskkill /F /PID "9852" "remoting_host.exe"
11:22:54.724 [main] INFO  it.gzelante.App - taskkill /F /PID "10656" "wsccommunicator.exe"
11:22:54.729 [main] INFO  it.gzelante.App - taskkill /F /PID "11460" "AggregatorHost.exe"
11:22:54.734 [main] INFO  it.gzelante.App - taskkill /F /PID "3696" "ExpressVPN.AppService.exe"
11:22:55.107 [main] INFO  it.gzelante.App - taskkill /F /PID "12608" "vmcompute.exe"
11:22:55.112 [main] INFO  it.gzelante.App - taskkill /F /PID "14176" "DiscoverySrv.exe"
11:22:55.456 [main] INFO  it.gzelante.App - taskkill /F /PID "14252" "PresentationFontCache.exe"
11:22:55.883 [main] INFO  it.gzelante.App - taskkill /F /PID "14060" "PulseSecureService.exe"
11:22:56.207 [main] INFO  it.gzelante.App - taskkill /F /PID "16204" "Pen_Tablet.exe"
11:22:56.456 [main] INFO  it.gzelante.App - taskkill /F /PID "17488" "ctfmon.exe"
11:22:56.461 [main] INFO  it.gzelante.App - taskkill /F /PID "17544" "TabTip.exe"
11:22:56.466 [main] INFO  it.gzelante.App - taskkill /F /PID "11296" "audiodg.exe"
11:22:56.470 [main] INFO  it.gzelante.App - taskkill /F /PID "15176" "SecurityHealthService.exe"
11:22:56.475 [main] INFO  it.gzelante.App - taskkill /F /PID "20876" "parsecd.exe"
11:22:56.850 [main] INFO  it.gzelante.App - taskkill /F /PID "16980" "dllhost.exe"
11:22:56.855 [main] INFO  it.gzelante.App - taskkill /F /PID "12128" "bdredline.exe"
11:22:56.859 [main] INFO  it.gzelante.App - taskkill /F /PID "24544" "bdredline.exe"
11:22:56.863 [main] INFO  it.gzelante.App - taskkill /F /PID "15312" "GCloud.exe"
11:22:57.300 [main] INFO  it.gzelante.App - taskkill /F /PID "16916" "SgrmBroker.exe"
11:22:57.394 [main] INFO  it.gzelante.App - taskkill /F /PID "13444" "taskhostw.exe"
11:22:57.398 [main] INFO  it.gzelante.App - taskkill /F /PID "23348" "NVDisplay.Container.exe"
11:22:57.403 [main] INFO  it.gzelante.App - taskkill /F /PID "3716" "bdagent.exe"
11:22:57.671 [main] INFO  it.gzelante.App - taskkill /F /PID "30736" "Spectrum.exe"
11:22:57.676 [main] INFO  it.gzelante.App - taskkill /F /PID "4560" "Taskmgr.exe"
11:22:57.775 [main] INFO  it.gzelante.App - taskkill /F /PID "32656" "Pen_TouchUser.exe"
11:22:57.780 [main] INFO  it.gzelante.App - taskkill /F /PID "4880" "MoUsoCoreWorker.exe"
11:22:57.886 [main] INFO  it.gzelante.App - taskkill /F /PID "10260" "WUDFHost.exe"
11:22:57.891 [main] INFO  it.gzelante.App - taskkill /F /PID "20236" "parsecd.exe"
11:22:57.896 [main] INFO  it.gzelante.App - taskkill /F /PID "9488" "sihost.exe"
11:22:57.900 [main] INFO  it.gzelante.App - taskkill /F /PID "13728" "nvcontainer.exe"
11:22:57.905 [main] INFO  it.gzelante.App - taskkill /F /PID "18724" "dllhost.exe"
11:22:57.910 [main] INFO  it.gzelante.App - taskkill /F /PID "29976" "TextInputHost.exe"
11:22:57.916 [main] INFO  it.gzelante.App - taskkill /F /PID "10096" "StartMenuExperienceHost.exe"
11:22:57.921 [main] INFO  it.gzelante.App - taskkill /F /PID "16492" "RuntimeBroker.exe"
11:22:57.928 [main] INFO  it.gzelante.App - taskkill /F /PID "20928" "SearchApp.exe"
11:22:57.935 [main] INFO  it.gzelante.App - taskkill /F /PID "21904" "RuntimeBroker.exe"
11:22:57.943 [main] INFO  it.gzelante.App - taskkill /F /PID "32028" "ShellExperienceHost.exe"
11:22:57.950 [main] INFO  it.gzelante.App - taskkill /F /PID "26264" "RuntimeBroker.exe"
11:22:57.959 [main] INFO  it.gzelante.App - taskkill /F /PID "19964" "RuntimeBroker.exe"
11:22:57.967 [main] INFO  it.gzelante.App - taskkill /F /PID "9832" "SearchApp.exe"
11:22:57.984 [main] INFO  it.gzelante.App - taskkill /F /PID "1128" "msedgewebview2.exe"
11:22:57.994 [main] INFO  it.gzelante.App - taskkill /F /PID "11456" "msedgewebview2.exe"
11:22:58.005 [main] INFO  it.gzelante.App - taskkill /F /PID "13028" "msedgewebview2.exe"
11:22:58.016 [main] INFO  it.gzelante.App - taskkill /F /PID "8652" "msedgewebview2.exe"
11:22:58.026 [main] INFO  it.gzelante.App - taskkill /F /PID "32260" "msedgewebview2.exe"
11:22:58.041 [main] INFO  it.gzelante.App - taskkill /F /PID "21852" "msedgewebview2.exe"
11:22:58.050 [main] INFO  it.gzelante.App - taskkill /F /PID "32236" "chrome.exe"
11:22:58.068 [main] INFO  it.gzelante.App - taskkill /F /PID "8568" "chrome.exe"
11:22:58.079 [main] INFO  it.gzelante.App - taskkill /F /PID "25940" "chrome.exe"
11:22:58.087 [main] INFO  it.gzelante.App - taskkill /F /PID "11004" "chrome.exe"
11:22:58.097 [main] INFO  it.gzelante.App - taskkill /F /PID "25476" "chrome.exe"
11:22:58.111 [main] INFO  it.gzelante.App - taskkill /F /PID "31772" "chrome.exe"
11:22:58.121 [main] INFO  it.gzelante.App - taskkill /F /PID "15688" "chrome.exe"
11:22:58.132 [main] INFO  it.gzelante.App - taskkill /F /PID "26996" "chrome.exe"
11:22:58.139 [main] INFO  it.gzelante.App - taskkill /F /PID "32384" "chrome.exe"
11:22:58.150 [main] INFO  it.gzelante.App - taskkill /F /PID "1584" "chrome.exe"
11:22:58.160 [main] INFO  it.gzelante.App - taskkill /F /PID "27876" "chrome.exe"
11:22:58.172 [main] INFO  it.gzelante.App - taskkill /F /PID "29928" "chrome.exe"
11:22:58.194 [main] INFO  it.gzelante.App - taskkill /F /PID "17600" "chrome.exe"
11:22:58.208 [main] INFO  it.gzelante.App - taskkill /F /PID "10488" "chrome.exe"
11:22:58.217 [main] INFO  it.gzelante.App - taskkill /F /PID "10440" "chrome.exe"
11:22:58.230 [main] INFO  it.gzelante.App - taskkill /F /PID "31972" "CompPkgSrv.exe"
11:22:58.240 [main] INFO  it.gzelante.App - taskkill /F /PID "19340" "chrome.exe"
11:22:58.250 [main] INFO  it.gzelante.App - taskkill /F /PID "17572" "WhatsApp.exe"
11:22:58.260 [main] INFO  it.gzelante.App - taskkill /F /PID "24740" "RuntimeBroker.exe"
11:22:58.280 [main] INFO  it.gzelante.App - taskkill /F /PID "20108" "UserOOBEBroker.exe"
11:22:58.290 [main] INFO  it.gzelante.App - taskkill /F /PID "13460" "ApplicationFrameHost.exe"
11:22:58.302 [main] INFO  it.gzelante.App - taskkill /F /PID "22940" "HxOutlook.exe"
11:22:58.309 [main] INFO  it.gzelante.App - taskkill /F /PID "14824" "RuntimeBroker.exe"
11:22:58.318 [main] INFO  it.gzelante.App - taskkill /F /PID "11056" "HxTsr.exe"
11:22:58.334 [main] INFO  it.gzelante.App - taskkill /F /PID "8980" "chrome.exe"
11:22:58.347 [main] INFO  it.gzelante.App - taskkill /F /PID "17304" "conhost.exe"
11:22:58.357 [main] INFO  it.gzelante.App - taskkill /F /PID "18840" "cmd.exe"
11:22:58.374 [main] INFO  it.gzelante.App - taskkill /F /PID "27532" "cmd.exe"
11:22:58.386 [main] INFO  it.gzelante.App - taskkill /F /PID "30984" "conhost.exe"
11:22:58.397 [main] INFO  it.gzelante.App - taskkill /F /PID "24108" "cody-engine-5.4.6040-windows-x64"
11:22:58.407 [main] INFO  it.gzelante.App - taskkill /F /PID "33344" "conhost.exe"
11:22:58.416 [main] INFO  it.gzelante.App - taskkill /F /PID "26136" "pet.exe"
11:22:58.440 [main] INFO  it.gzelante.App - taskkill /F /PID "2272" "conhost.exe"
11:22:58.454 [main] INFO  it.gzelante.App - taskkill /F /PID "26184" "conhost.exe"
11:22:58.465 [main] INFO  it.gzelante.App - taskkill /F /PID "16404" "cmd.exe"
11:22:58.486 [main] INFO  it.gzelante.App - taskkill /F /PID "19708" "LSP-server-4.9.1"
11:22:58.519 [main] INFO  it.gzelante.App - taskkill /F /PID "29356" "conhost.exe"
11:22:58.528 [main] INFO  it.gzelante.App - taskkill /F /PID "5856" "conhost.exe"
11:22:58.536 [main] INFO  it.gzelante.App - taskkill /F /PID "16184" "language_server_windows_x64.exe"
11:22:58.585 [main] INFO  it.gzelante.App - taskkill /F /PID "21008" "conhost.exe"
11:22:58.593 [main] INFO  it.gzelante.App - taskkill /F /PID "18052" "language_server_windows_x64.exe"
11:22:58.603 [main] INFO  it.gzelante.App - taskkill /F /PID "29852" "scrcpy.exe"
11:22:58.614 [main] INFO  it.gzelante.App - taskkill /F /PID "28880" "conhost.exe"
11:22:58.632 [main] INFO  it.gzelante.App - taskkill /F /PID "28268" "conhost.exe"
11:22:58.640 [main] INFO  it.gzelante.App - taskkill /F /PID "5692" "adb.exe"
11:22:58.654 [main] INFO  it.gzelante.App - taskkill /F /PID "26448" "adb.exe"
11:22:58.663 [main] INFO  it.gzelante.App - taskkill /F /PID "18988" "Telegram.exe"
11:22:59.231 [main] INFO  it.gzelante.App - taskkill /F /PID "6912" "chrome.exe"
11:22:59.236 [main] INFO  it.gzelante.App - taskkill /F /PID "32200" "chrome.exe"
11:22:59.241 [main] INFO  it.gzelante.App - taskkill /F /PID "23012" "chrome.exe"
11:22:59.687 [main] INFO  it.gzelante.App - taskkill /F /PID "30484" "RuntimeBroker.exe"
11:22:59.692 [main] INFO  it.gzelante.App - taskkill /F /PID "24128" "SearchProtocolHost.exe"
11:22:59.697 [main] INFO  it.gzelante.App - taskkill /F /PID "18124" "SearchFilterHost.exe"
11:22:59.702 [main] INFO  it.gzelante.App - taskkill /F /PID "3368" "conhost.exe"
11:22:59.708 [main] INFO  it.gzelante.App - taskkill /F /PID "19100" "conhost.exe"
11:22:59.714 [main] INFO  it.gzelante.App - taskkill /F /PID "14836" "tasklist.exe"
11:22:59.721 [main] INFO  it.gzelante.App - taskkill /F /PID "34156" "conhost.exe"
11:22:59.896 [main] INFO  it.gzelante.App - taskkill /F /PID "2696" "WmiPrvSE.exe"
